AndroidPlatformFactory.RegisterBuildPlatforms: UnrealBuildTool.AndroidPlatformSDK has no valid SDK
IOSPlatformFactory.RegisterBuildPlatforms: UnrealBuildTool.IOSPlatformSDK has no valid SDK
LinuxPlatformFactory.RegisterBuildPlatforms: UnrealBuildTool.LinuxPlatformSDK has no valid SDK
WindowsPlatformFactory.RegisterBuildPlatforms: UnrealBuildTool.WindowsPlatformSDK using manually installed SDK
ProjectFileGenerator.GenerateProjectFiles: Discovering modules, targets and source code for project...
WindowsPlatform.FindVisualStudioInstallations: Found Visual Studio installation: C:\Program Files\Microsoft Visual Studio\2022\Community (Product=Microsoft.VisualStudio.Product.Community, Version=17.1.32319.34)
WindowsPlatform.FindVisualStudioToolChains: Found Visual Studio toolchain: C:\Program Files\Microsoft Visual Studio\2022\Community\VC\Tools\MSVC\14.31.31103 (Version=14.31.31105)
WindowsPlatform.FindVisualStudioToolChains: Found Visual Studio toolchain: C:\Program Files\Microsoft Visual Studio\2022\Community\VC\Tools\MSVC\14.31.31103 (Version=14.31.31103)
WindowsPlatform.EnumerateSdkRootDirs: Found Windows 10 SDK root at C:\Program Files (x86)\Windows Kits\10 (1)
WindowsPlatform.EnumerateSdkRootDirs: Found Windows 10 SDK root at C:\Program Files (x86)\Windows Kits\10 (2)
WindowsPlatform.UpdateCachedWindowsSdks: Found Windows 10 SDK version 10.0.19041.0 at C:\Program Files (x86)\Windows Kits\10
WindowsPlatform.UpdateCachedWindowsSdks: Found Universal CRT version 10.0.19041.0 at C:\Program Files (x86)\Windows Kits\10
DynamicCompilation.RequiresCompilation: Compiling C:\Projects\VP_christmasshoot_2022\VP_ChristmasShoot_UE_2022\Intermediate\Build\BuildRules\ChristmasShoot_2022ModuleRules.dll: Assembly does not exist
Log.PushStatus: Binding IntelliSense data...
ProgressWriter.Write: @progress 'Binding IntelliSense data...' 0%
UEBuildTarget.AddPlugin: Enabling plugin 'Paper2D' (referenced via default plugins)
UEBuildTarget.AddPlugin: Enabling plugin 'AISupport' (referenced via default plugins)
UEBuildTarget.AddPlugin: Enabling plugin 'EnvironmentQueryEditor' (referenced via default plugins)
UEBuildTarget.AddPlugin: Enabling plugin 'LightPropagationVolume' (referenced via default plugins)
UEBuildTarget.AddPlugin: Enabling plugin 'CameraShakePreviewer' (referenced via default plugins)
UEBuildTarget.AddPlugin: Enabling plugin 'GameplayCameras' (referenced via default plugins -> CameraShakePreviewer.uplugin)
UEBuildTarget.AddPlugin: Enabling plugin 'TemplateSequence' (referenced via default plugins -> CameraShakePreviewer.uplugin -> GameplayCameras.uplugin)
UEBuildTarget.AddPlugin: Enabling plugin 'LevelSequenceEditor' (referenced via default plugins -> CameraShakePreviewer.uplugin -> GameplayCameras.uplugin -> TemplateSequence.uplugin)
UEBuildTarget.AddPlugin: Enabling plugin 'OodleData' (referenced via default plugins)
UEBuildTarget.AddPlugin: Enabling plugin 'OodleNetwork' (referenced via default plugins)
UEBuildTarget.AddPlugin: Enabling plugin 'AnimationSharing' (referenced via default plugins)
UEBuildTarget.AddPlugin: Enabling plugin 'SignificanceManager' (referenced via default plugins -> AnimationSharing.uplugin)
UEBuildTarget.AddPlugin: Enabling plugin 'CLionSourceCodeAccess' (referenced via default plugins)
UEBuildTarget.AddPlugin: Enabling plugin 'CodeLiteSourceCodeAccess' (referenced via default plugins)
UEBuildTarget.AddPlugin: Enabling plugin 'GitSourceControl' (referenced via default plugins)
UEBuildTarget.AddPlugin: Enabling plugin 'KDevelopSourceCodeAccess' (referenced via default plugins)
UEBuildTarget.AddPlugin: Enabling plugin 'NullSourceCodeAccess' (referenced via default plugins)
UEBuildTarget.AddPlugin: Enabling plugin 'PerforceSourceControl' (referenced via default plugins)
UEBuildTarget.AddPlugin: Enabling plugin 'PixWinPlugin' (referenced via default plugins)
UEBuildTarget.AddPlugin: Enabling plugin 'PlasticSourceControl' (referenced via default plugins)
UEBuildTarget.AddPlugin: Enabling plugin 'PluginUtils' (referenced via default plugins)
UEBuildTarget.AddPlugin: Enabling plugin 'PropertyAccessNode' (referenced via default plugins)
UEBuildTarget.AddPlugin: Enabling plugin 'PropertyAccessEditor' (referenced via default plugins -> PropertyAccessNode.uplugin)
UEBuildTarget.AddPlugin: Enabling plugin 'RiderSourceCodeAccess' (referenced via default plugins)
UEBuildTarget.AddPlugin: Enabling plugin 'SubversionSourceControl' (referenced via default plugins)
UEBuildTarget.AddPlugin: Enabling plugin 'TextureFormatOodle' (referenced via default plugins)
UEBuildTarget.AddPlugin: Enabling plugin 'UObjectPlugin' (referenced via default plugins)
UEBuildTarget.AddPlugin: Enabling plugin 'VisualStudioCodeSourceCodeAccess' (referenced via default plugins)
UEBuildTarget.AddPlugin: Enabling plugin 'VisualStudioSourceCodeAccess' (referenced via default plugins)
UEBuildTarget.AddPlugin: Enabling plugin 'XCodeSourceCodeAccess' (referenced via default plugins)
UEBuildTarget.AddPlugin: Enabling plugin 'AssetManagerEditor' (referenced via default plugins)
UEBuildTarget.AddPlugin: Enabling plugin 'ContentBrowserAssetDataSource' (referenced via default plugins)
UEBuildTarget.AddPlugin: Enabling plugin 'ContentBrowserClassDataSource' (referenced via default plugins)
UEBuildTarget.AddPlugin: Enabling plugin 'CryptoKeys' (referenced via default plugins)
UEBuildTarget.AddPlugin: Enabling plugin 'CurveEditorTools' (referenced via default plugins)
UEBuildTarget.AddPlugin: Enabling plugin 'DataValidation' (referenced via default plugins)
UEBuildTarget.AddPlugin: Enabling plugin 'FacialAnimation' (referenced via default plugins)
UEBuildTarget.AddPlugin: Enabling plugin 'GameplayTagsEditor' (referenced via default plugins)
UEBuildTarget.AddPlugin: Enabling plugin 'GeometryMode' (referenced via default plugins)
UEBuildTarget.AddPlugin: Enabling plugin 'MacGraphicsSwitching' (referenced via default plugins)
UEBuildTarget.AddPlugin: Enabling plugin 'MaterialAnalyzer' (referenced via default plugins)
UEBuildTarget.AddPlugin: Enabling plugin 'MobileLauncherProfileWizard' (referenced via default plugins)
UEBuildTarget.AddPlugin: Enabling plugin 'PluginBrowser' (referenced via default plugins)
UEBuildTarget.AddPlugin: Enabling plugin 'SpeedTreeImporter' (referenced via default plugins)
UEBuildTarget.AddPlugin: Enabling plugin 'DatasmithContent' (referenced via default plugins)
UEBuildTarget.AddPlugin: Enabling plugin 'VariantManagerContent' (referenced via default plugins -> DatasmithContent.uplugin)
UEBuildTarget.AddPlugin: Enabling plugin 'AlembicImporter' (referenced via default plugins)
UEBuildTarget.AddPlugin: Enabling plugin 'GeometryCache' (referenced via default plugins -> AlembicImporter.uplugin)
UEBuildTarget.AddPlugin: Enabling plugin 'AutomationUtils' (referenced via default plugins)
UEBuildTarget.AddPlugin: Enabling plugin 'ScreenshotTools' (referenced via default plugins -> AutomationUtils.uplugin)
UEBuildTarget.AddPlugin: Enabling plugin 'BackChannel' (referenced via default plugins)
UEBuildTarget.AddPlugin: Enabling plugin 'ChaosClothEditor' (referenced via default plugins)
UEBuildTarget.AddPlugin: Enabling plugin 'ChaosCloth' (referenced via default plugins -> ChaosClothEditor.uplugin)
UEBuildTarget.AddPlugin: Enabling plugin 'ChaosEditor' (referenced via default plugins)
UEBuildTarget.AddPlugin: Enabling plugin 'PlanarCut' (referenced via default plugins -> ChaosEditor.uplugin)
UEBuildTarget.AddPlugin: Enabling plugin 'GeometryProcessing' (referenced via default plugins -> ChaosEditor.uplugin -> PlanarCut.uplugin)
UEBuildTarget.AddPlugin: Enabling plugin 'EditableMesh' (referenced via default plugins -> ChaosEditor.uplugin)
UEBuildTarget.AddPlugin: Enabling plugin 'GeometryCollectionPlugin' (referenced via default plugins -> ChaosEditor.uplugin)
UEBuildTarget.AddPlugin: Enabling plugin 'ProceduralMeshComponent' (referenced via default plugins -> ChaosEditor.uplugin -> GeometryCollectionPlugin.uplugin)
UEBuildTarget.AddPlugin: Enabling plugin 'ChaosSolverPlugin' (referenced via default plugins -> ChaosEditor.uplugin -> GeometryCollectionPlugin.uplugin)
UEBuildTarget.AddPlugin: Enabling plugin 'ChaosNiagara' (referenced via default plugins)
UEBuildTarget.AddPlugin: Enabling plugin 'Niagara' (referenced via default plugins -> ChaosNiagara.uplugin)
UEBuildTarget.AddPlugin: Enabling plugin 'PythonScriptPlugin' (referenced via default plugins -> ChaosNiagara.uplugin -> Niagara.uplugin)
UEBuildTarget.AddPlugin: Enabling plugin 'ContentBrowserFileDataSource' (referenced via default plugins -> ChaosNiagara.uplugin -> Niagara.uplugin -> PythonScriptPlugin.uplugin)
UEBuildTarget.AddPlugin: Enabling plugin 'CharacterAI' (referenced via default plugins)
UEBuildTarget.AddPlugin: Enabling plugin 'MotoSynth' (referenced via default plugins)
UEBuildTarget.AddPlugin: Enabling plugin 'OpenImageDenoise' (referenced via default plugins)
UEBuildTarget.AddPlugin: Enabling plugin 'PlatformCrypto' (referenced via default plugins)
UEBuildTarget.AddPlugin: Enabling plugin 'ProxyLODPlugin' (referenced via default plugins)
UEBuildTarget.AddPlugin: Enabling plugin 'SkeletalReduction' (referenced via default plugins)
UEBuildTarget.AddPlugin: Enabling plugin 'LuminPlatformFeatures' (referenced via default plugins)
UEBuildTarget.AddPlugin: Enabling plugin 'MLSDK' (referenced via default plugins -> LuminPlatformFeatures.uplugin)
LuminSDKVersionHelper.HasAnySDK: *** Unable to determine MLSDK location ***
UEBuildTarget.AddPlugin: Enabling plugin 'MagicLeapMedia' (referenced via default plugins)
UEBuildTarget.AddPlugin: Enabling plugin 'MagicLeap' (referenced via default plugins -> MagicLeapMedia.uplugin)
UEBuildTarget.AddPlugin: Enabling plugin 'MagicLeapPassableWorld' (referenced via default plugins -> MagicLeapMedia.uplugin -> MagicLeap.uplugin)
UEBuildTarget.AddPlugin: Enabling plugin 'MagicLeapLightEstimation' (referenced via default plugins -> MagicLeapMedia.uplugin -> MagicLeap.uplugin)
UEBuildTarget.AddPlugin: Enabling plugin 'AndroidMedia' (referenced via default plugins)
UEBuildTarget.AddPlugin: Enabling plugin 'AvfMedia' (referenced via default plugins)
UEBuildTarget.AddPlugin: Enabling plugin 'ImgMedia' (referenced via default plugins)
UEBuildTarget.AddPlugin: Enabling plugin 'MediaCompositing' (referenced via default plugins)
UEBuildTarget.AddPlugin: Enabling plugin 'MediaPlayerEditor' (referenced via default plugins)
UEBuildTarget.AddPlugin: Enabling plugin 'WmfMedia' (referenced via default plugins)
UEBuildTarget.AddPlugin: Enabling plugin 'MeshPainting' (referenced via default plugins)
UEBuildTarget.AddPlugin: Enabling plugin 'TcpMessaging' (referenced via default plugins)
UEBuildTarget.AddPlugin: Enabling plugin 'UdpMessaging' (referenced via default plugins)
UEBuildTarget.AddPlugin: Enabling plugin 'ActorSequence' (referenced via default plugins)
UEBuildTarget.AddPlugin: Enabling plugin 'MatineeToLevelSequence' (referenced via default plugins)
UEBuildTarget.AddPlugin: Enabling plugin 'OnlineSubsystemGooglePlay' (referenced via default plugins)
UEBuildTarget.AddPlugin: Enabling plugin 'OnlineSubsystem' (referenced via default plugins -> OnlineSubsystemGooglePlay.uplugin)
UEBuildTarget.AddPlugin: Enabling plugin 'AndroidPermission' (referenced via default plugins -> OnlineSubsystemGooglePlay.uplugin)
UEBuildTarget.AddPlugin: Enabling plugin 'OnlineSubsystemIOS' (referenced via default plugins)
UEBuildTarget.AddPlugin: Enabling plugin 'OnlineSubsystemNull' (referenced via default plugins)
UEBuildTarget.AddPlugin: Enabling plugin 'OnlineSubsystemUtils' (referenced via default plugins -> OnlineSubsystemNull.uplugin)
UEBuildTarget.AddPlugin: Enabling plugin 'LauncherChunkInstaller' (referenced via default plugins)
UEBuildTarget.AddPlugin: Enabling plugin 'ActorLayerUtilities' (referenced via default plugins)
UEBuildTarget.AddPlugin: Enabling plugin 'AndroidDeviceProfileSelector' (referenced via default plugins)
UEBuildTarget.AddPlugin: Enabling plugin 'AndroidMoviePlayer' (referenced via default plugins)
UEBuildTarget.AddPlugin: Enabling plugin 'AppleImageUtils' (referenced via default plugins)
UEBuildTarget.AddPlugin: Enabling plugin 'AppleMoviePlayer' (referenced via default plugins)
UEBuildTarget.AddPlugin: Enabling plugin 'ArchVisCharacter' (referenced via default plugins)
UEBuildTarget.AddPlugin: Enabling plugin 'AssetTags' (referenced via default plugins)
UEBuildTarget.AddPlugin: Enabling plugin 'AudioCapture' (referenced via default plugins)
UEBuildTarget.AddPlugin: Enabling plugin 'CableComponent' (referenced via default plugins)
UEBuildTarget.AddPlugin: Enabling plugin 'ChunkDownloader' (referenced via default plugins)
UEBuildTarget.AddPlugin: Enabling plugin 'CustomMeshComponent' (referenced via default plugins)
UEBuildTarget.AddPlugin: Enabling plugin 'ExampleDeviceProfileSelector' (referenced via default plugins)
UEBuildTarget.AddPlugin: Enabling plugin 'GoogleCloudMessaging' (referenced via default plugins)
UEBuildTarget.AddPlugin: Enabling plugin 'GooglePAD' (referenced via default plugins)
UEBuildTarget.AddPlugin: Enabling plugin 'IOSDeviceProfileSelector' (referenced via default plugins)
UEBuildTarget.AddPlugin: Enabling plugin 'LinuxDeviceProfileSelector' (referenced via default plugins)
UEBuildTarget.AddPlugin: Enabling plugin 'LocationServicesBPLibrary' (referenced via default plugins)
UEBuildTarget.AddPlugin: Enabling plugin 'MobilePatchingUtils' (referenced via default plugins)
UEBuildTarget.AddPlugin: Enabling plugin 'OculusVR' (referenced via default plugins)
UEBuildTarget.AddPlugin: Enabling plugin 'OpenXREyeTracker' (referenced via default plugins)
UEBuildTarget.AddPlugin: Enabling plugin 'OpenXR' (referenced via default plugins -> OpenXREyeTracker.uplugin)
UEBuildTarget.AddPlugin: Enabling plugin 'OpenXRHandTracking' (referenced via default plugins)
UEBuildTarget.AddPlugin: Enabling plugin 'LiveLink' (referenced via default plugins -> OpenXRHandTracking.uplugin)
UEBuildTarget.AddPlugin: Enabling plugin 'Takes' (referenced via default plugins -> OpenXRHandTracking.uplugin -> LiveLink.uplugin)
UEBuildTarget.AddPlugin: Enabling plugin 'PhysXVehicles' (referenced via default plugins)
UEBuildTarget.AddPlugin: Enabling plugin 'PostSplashScreen' (referenced via default plugins)
UEBuildTarget.AddPlugin: Enabling plugin 'RuntimePhysXCooking' (referenced via default plugins)
UEBuildTarget.AddPlugin: Enabling plugin 'SoundFields' (referenced via default plugins)
UEBuildTarget.AddPlugin: Enabling plugin 'SteamVR' (referenced via default plugins)
UEBuildTarget.AddPlugin: Enabling plugin 'Synthesis' (referenced via default plugins)
UEBuildTarget.AddPlugin: Enabling plugin 'AudioSynesthesia' (referenced via default plugins -> Synthesis.uplugin)
UEBuildTarget.AddPlugin: Enabling plugin 'WebMMoviePlayer' (referenced via default plugins)
UEBuildTarget.AddPlugin: Enabling plugin 'WebMMedia' (referenced via default plugins -> WebMMoviePlayer.uplugin)
UEBuildTarget.AddPlugin: Enabling plugin 'WindowsMoviePlayer' (referenced via default plugins)
UEBuildTarget.AddPlugin: Enabling plugin 'XGEController' (referenced via default plugins)
LuminSDKVersionHelper.HasAnySDK: *** Unable to determine MLSDK location ***
VCToolChain..ctor: Compiler: C:\Program Files\Microsoft Visual Studio\2022\Community\VC\Tools\MSVC\14.31.31103\bin\HostX64\x64\cl.exe
VCToolChain..ctor: Linker: C:\Program Files\Microsoft Visual Studio\2022\Community\VC\Tools\MSVC\14.31.31103\bin\HostX64\x64\link.exe
VCToolChain..ctor: Library Manager: C:\Program Files\Microsoft Visual Studio\2022\Community\VC\Tools\MSVC\14.31.31103\bin\HostX64\x64\lib.exe
VCToolChain..ctor: Resource Compiler: C:\Program Files (x86)\Windows Kits\10\bin\10.0.19041.0\x64\rc.exe
ProgressWriter.Write: @progress 'Binding IntelliSense data...' 50%
UEBuildTarget.AddPlugin: Enabling plugin 'OculusVR' (referenced via ChristmasShoot_2022.uproject)
UEBuildTarget.AddPlugin: Enabling plugin 'ProceduralMeshComponent' (referenced via ChristmasShoot_2022.uproject -> OculusVR.uplugin)
UEBuildTarget.AddPlugin: Enabling plugin 'SteamVR' (referenced via ChristmasShoot_2022.uproject)
UEBuildTarget.AddPlugin: Enabling plugin 'PythonScriptPlugin' (referenced via ChristmasShoot_2022.uproject)
UEBuildTarget.AddPlugin: Enabling plugin 'ContentBrowserFileDataSource' (referenced via ChristmasShoot_2022.uproject -> PythonScriptPlugin.uplugin)
UEBuildTarget.AddPlugin: Enabling plugin 'HDRIBackdrop' (referenced via ChristmasShoot_2022.uproject)
UEBuildTarget.AddPlugin: Enabling plugin 'SunPosition' (referenced via ChristmasShoot_2022.uproject)
UEBuildTarget.AddPlugin: Enabling plugin 'SequencerScripting' (referenced via ChristmasShoot_2022.uproject)
UEBuildTarget.AddPlugin: Enabling plugin 'TemplateSequence' (referenced via ChristmasShoot_2022.uproject -> SequencerScripting.uplugin)
UEBuildTarget.AddPlugin: Enabling plugin 'LevelSequenceEditor' (referenced via ChristmasShoot_2022.uproject -> SequencerScripting.uplugin -> TemplateSequence.uplugin)
UEBuildTarget.AddPlugin: Enabling plugin 'Takes' (referenced via ChristmasShoot_2022.uproject)
UEBuildTarget.AddPlugin: Enabling plugin 'VirtualProductionUtilities' (referenced via ChristmasShoot_2022.uproject)
UEBuildTarget.AddPlugin: Enabling plugin 'MultiUserClient' (referenced via ChristmasShoot_2022.uproject -> VirtualProductionUtilities.uplugin)
UEBuildTarget.AddPlugin: Enabling plugin 'ConcertSyncClient' (referenced via ChristmasShoot_2022.uproject -> VirtualProductionUtilities.uplugin -> MultiUserClient.uplugin)
UEBuildTarget.AddPlugin: Enabling plugin 'ConcertSyncCore' (referenced via ChristmasShoot_2022.uproject -> VirtualProductionUtilities.uplugin -> MultiUserClient.uplugin -> ConcertSyncClient.uplugin)
UEBuildTarget.AddPlugin: Enabling plugin 'ConcertMain' (referenced via ChristmasShoot_2022.uproject -> VirtualProductionUtilities.uplugin -> MultiUserClient.uplugin -> ConcertSyncClient.uplugin -> ConcertSyncCore.uplugin)
UEBuildTarget.AddPlugin: Enabling plugin 'SQLiteCore' (referenced via ChristmasShoot_2022.uproject -> VirtualProductionUtilities.uplugin -> MultiUserClient.uplugin -> ConcertSyncClient.uplugin -> ConcertSyncCore.uplugin)
UEBuildTarget.AddPlugin: Enabling plugin 'MultiUserTakes' (referenced via ChristmasShoot_2022.uproject -> VirtualProductionUtilities.uplugin -> MultiUserClient.uplugin)
UEBuildTarget.AddPlugin: Enabling plugin 'EditorScriptingUtilities' (referenced via ChristmasShoot_2022.uproject -> VirtualProductionUtilities.uplugin)
UEBuildTarget.AddPlugin: Enabling plugin 'OSC' (referenced via ChristmasShoot_2022.uproject -> VirtualProductionUtilities.uplugin)
UEBuildTarget.AddPlugin: Enabling plugin 'Composure' (referenced via ChristmasShoot_2022.uproject -> VirtualProductionUtilities.uplugin)
UEBuildTarget.AddPlugin: Enabling plugin 'CameraCalibrationCore' (referenced via ChristmasShoot_2022.uproject -> VirtualProductionUtilities.uplugin -> Composure.uplugin)
UEBuildTarget.AddPlugin: Enabling plugin 'LensDistortion' (referenced via ChristmasShoot_2022.uproject -> VirtualProductionUtilities.uplugin -> Composure.uplugin)
UEBuildTarget.AddPlugin: Enabling plugin 'BlueprintMaterialTextureNodes' (referenced via ChristmasShoot_2022.uproject -> VirtualProductionUtilities.uplugin -> Composure.uplugin)
UEBuildTarget.AddPlugin: Enabling plugin 'MediaIOFramework' (referenced via ChristmasShoot_2022.uproject -> VirtualProductionUtilities.uplugin -> Composure.uplugin)
UEBuildTarget.AddPlugin: Enabling plugin 'OpenColorIO' (referenced via ChristmasShoot_2022.uproject -> VirtualProductionUtilities.uplugin -> Composure.uplugin)
UEBuildTarget.AddPlugin: Enabling plugin 'ActorLayerUtilities' (referenced via ChristmasShoot_2022.uproject -> VirtualProductionUtilities.uplugin -> Composure.uplugin)
UEBuildTarget.AddPlugin: Enabling plugin 'ColorCorrectRegions' (referenced via ChristmasShoot_2022.uproject -> VirtualProductionUtilities.uplugin)
UEBuildTarget.AddPlugin: Enabling plugin 'VirtualCamera' (referenced via ChristmasShoot_2022.uproject)
UEBuildTarget.AddPlugin: Enabling plugin 'MediaFrameworkUtilities' (referenced via ChristmasShoot_2022.uproject -> VirtualCamera.uplugin)
UEBuildTarget.AddPlugin: Enabling plugin 'OpenCVLensDistortion' (referenced via ChristmasShoot_2022.uproject -> VirtualCamera.uplugin -> MediaFrameworkUtilities.uplugin)
UEBuildTarget.AddPlugin: Enabling plugin 'MediaPlayerEditor' (referenced via ChristmasShoot_2022.uproject -> VirtualCamera.uplugin -> MediaFrameworkUtilities.uplugin)
UEBuildTarget.AddPlugin: Enabling plugin 'LiveLink' (referenced via ChristmasShoot_2022.uproject -> VirtualCamera.uplugin)
UEBuildTarget.AddPlugin: Enabling plugin 'RemoteSession' (referenced via ChristmasShoot_2022.uproject -> VirtualCamera.uplugin)
UEBuildTarget.AddPlugin: Enabling plugin 'BackChannel' (referenced via ChristmasShoot_2022.uproject -> VirtualCamera.uplugin -> RemoteSession.uplugin)
UEBuildTarget.AddPlugin: Enabling plugin 'AppleImageUtils' (referenced via ChristmasShoot_2022.uproject -> VirtualCamera.uplugin -> RemoteSession.uplugin)
UEBuildTarget.AddPlugin: Enabling plugin 'RemoteControl' (referenced via ChristmasShoot_2022.uproject)
UEBuildTarget.AddPlugin: Enabling plugin 'WebSocketNetworking' (referenced via ChristmasShoot_2022.uproject -> RemoteControl.uplugin)
UEBuildTarget.AddPlugin: Enabling plugin 'RemoteControlInterception' (referenced via ChristmasShoot_2022.uproject -> RemoteControl.uplugin)
UEBuildTarget.AddPlugin: Enabling plugin 'nDisplay' (referenced via ChristmasShoot_2022.uproject)
UEBuildTarget.AddPlugin: Enabling plugin 'TextureShare' (referenced via ChristmasShoot_2022.uproject -> nDisplay.uplugin)
UEBuildTarget.AddPlugin: Enabling plugin 'AjaMedia' (referenced via ChristmasShoot_2022.uproject)
UEBuildTarget.AddPlugin: Enabling plugin 'BlackmagicMedia' (referenced via ChristmasShoot_2022.uproject)
UEBuildTarget.AddPlugin: Enabling plugin 'AppleProResMedia' (referenced via ChristmasShoot_2022.uproject)
UEBuildTarget.AddPlugin: Enabling plugin 'WmfMedia' (referenced via ChristmasShoot_2022.uproject -> AppleProResMedia.uplugin)
UEBuildTarget.AddPlugin: Enabling plugin 'MovieRenderPipeline' (referenced via ChristmasShoot_2022.uproject -> AppleProResMedia.uplugin)
UEBuildTarget.AddPlugin: Enabling plugin 'HAPMedia' (referenced via ChristmasShoot_2022.uproject)
UEBuildTarget.AddPlugin: Enabling plugin 'AppleARKit' (referenced via ChristmasShoot_2022.uproject)
UEBuildTarget.AddPlugin: Enabling plugin 'ARUtilities' (referenced via ChristmasShoot_2022.uproject -> AppleARKit.uplugin)
UEBuildTarget.AddPlugin: Enabling plugin 'AppleARKitFaceSupport' (referenced via ChristmasShoot_2022.uproject)
UEBuildTarget.AddPlugin: Enabling plugin 'PixelStreaming' (referenced via ChristmasShoot_2022.uproject)
UEBuildTarget.AddPlugin: Enabling plugin 'HardwareEncoders' (referenced via ChristmasShoot_2022.uproject -> PixelStreaming.uplugin)
UEBuildTarget.AddPlugin: Enabling plugin 'TimecodeSynchronizer' (referenced via ChristmasShoot_2022.uproject)
UEBuildTarget.AddPlugin: Enabling plugin 'VariantManager' (referenced via ChristmasShoot_2022.uproject)
UEBuildTarget.AddPlugin: Enabling plugin 'VariantManagerContent' (referenced via ChristmasShoot_2022.uproject -> VariantManager.uplugin)
UEBuildTarget.AddPlugin: Enabling plugin 'DMXProtocol' (referenced via ChristmasShoot_2022.uproject)
UEBuildTarget.AddPlugin: Enabling plugin 'Switchboard' (referenced via ChristmasShoot_2022.uproject)
UEBuildTarget.AddPlugin: Enabling plugin 'BlackmagicCameraControl' (referenced via ChristmasShoot_2022.uproject)
UEBuildTarget.AddPlugin: Enabling plugin 'PhysicalObjectTracker' (referenced via ChristmasShoot_2022.uproject)
UEBuildTarget.AddPlugin: Enabling plugin 'CradleLightControl' (referenced via default plugins)
UEBuildTarget.AddPlugin: Enabling plugin 'DMXEngine' (referenced via default plugins -> CradleLightControl.uplugin)
UEBuildTarget.AddPlugin: Enabling plugin 'Paper2D' (referenced via default plugins)
UEBuildTarget.AddPlugin: Enabling plugin 'AISupport' (referenced via default plugins)
UEBuildTarget.AddPlugin: Enabling plugin 'EnvironmentQueryEditor' (referenced via default plugins)
UEBuildTarget.AddPlugin: Enabling plugin 'LightPropagationVolume' (referenced via default plugins)
UEBuildTarget.AddPlugin: Enabling plugin 'CameraShakePreviewer' (referenced via default plugins)
UEBuildTarget.AddPlugin: Enabling plugin 'GameplayCameras' (referenced via default plugins -> CameraShakePreviewer.uplugin)
UEBuildTarget.AddPlugin: Enabling plugin 'OodleData' (referenced via default plugins)
UEBuildTarget.AddPlugin: Enabling plugin 'OodleNetwork' (referenced via default plugins)
UEBuildTarget.AddPlugin: Enabling plugin 'AnimationSharing' (referenced via default plugins)
UEBuildTarget.AddPlugin: Enabling plugin 'SignificanceManager' (referenced via default plugins -> AnimationSharing.uplugin)
UEBuildTarget.AddPlugin: Enabling plugin 'CLionSourceCodeAccess' (referenced via default plugins)
UEBuildTarget.AddPlugin: Enabling plugin 'CodeLiteSourceCodeAccess' (referenced via default plugins)
UEBuildTarget.AddPlugin: Enabling plugin 'GitSourceControl' (referenced via default plugins)
UEBuildTarget.AddPlugin: Enabling plugin 'KDevelopSourceCodeAccess' (referenced via default plugins)
UEBuildTarget.AddPlugin: Enabling plugin 'NullSourceCodeAccess' (referenced via default plugins)
UEBuildTarget.AddPlugin: Enabling plugin 'PerforceSourceControl' (referenced via default plugins)
UEBuildTarget.AddPlugin: Enabling plugin 'PixWinPlugin' (referenced via default plugins)
UEBuildTarget.AddPlugin: Enabling plugin 'PlasticSourceControl' (referenced via default plugins)
UEBuildTarget.AddPlugin: Enabling plugin 'PluginUtils' (referenced via default plugins)
UEBuildTarget.AddPlugin: Enabling plugin 'PropertyAccessNode' (referenced via default plugins)
UEBuildTarget.AddPlugin: Enabling plugin 'PropertyAccessEditor' (referenced via default plugins -> PropertyAccessNode.uplugin)
UEBuildTarget.AddPlugin: Enabling plugin 'RiderSourceCodeAccess' (referenced via default plugins)
UEBuildTarget.AddPlugin: Enabling plugin 'SubversionSourceControl' (referenced via default plugins)
UEBuildTarget.AddPlugin: Enabling plugin 'TextureFormatOodle' (referenced via default plugins)
UEBuildTarget.AddPlugin: Enabling plugin 'UObjectPlugin' (referenced via default plugins)
UEBuildTarget.AddPlugin: Enabling plugin 'VisualStudioCodeSourceCodeAccess' (referenced via default plugins)
UEBuildTarget.AddPlugin: Enabling plugin 'VisualStudioSourceCodeAccess' (referenced via default plugins)
UEBuildTarget.AddPlugin: Enabling plugin 'XCodeSourceCodeAccess' (referenced via default plugins)
UEBuildTarget.AddPlugin: Enabling plugin 'AssetManagerEditor' (referenced via default plugins)
UEBuildTarget.AddPlugin: Enabling plugin 'ContentBrowserAssetDataSource' (referenced via default plugins)
UEBuildTarget.AddPlugin: Enabling plugin 'ContentBrowserClassDataSource' (referenced via default plugins)
UEBuildTarget.AddPlugin: Enabling plugin 'CryptoKeys' (referenced via default plugins)
UEBuildTarget.AddPlugin: Enabling plugin 'CurveEditorTools' (referenced via default plugins)
UEBuildTarget.AddPlugin: Enabling plugin 'DataValidation' (referenced via default plugins)
UEBuildTarget.AddPlugin: Enabling plugin 'FacialAnimation' (referenced via default plugins)
UEBuildTarget.AddPlugin: Enabling plugin 'GameplayTagsEditor' (referenced via default plugins)
UEBuildTarget.AddPlugin: Enabling plugin 'GeometryMode' (referenced via default plugins)
UEBuildTarget.AddPlugin: Enabling plugin 'MacGraphicsSwitching' (referenced via default plugins)
UEBuildTarget.AddPlugin: Enabling plugin 'MaterialAnalyzer' (referenced via default plugins)
UEBuildTarget.AddPlugin: Enabling plugin 'MobileLauncherProfileWizard' (referenced via default plugins)
UEBuildTarget.AddPlugin: Enabling plugin 'PluginBrowser' (referenced via default plugins)
UEBuildTarget.AddPlugin: Enabling plugin 'SpeedTreeImporter' (referenced via default plugins)
UEBuildTarget.AddPlugin: Enabling plugin 'DatasmithContent' (referenced via default plugins)
UEBuildTarget.AddPlugin: Enabling plugin 'AlembicImporter' (referenced via default plugins)
UEBuildTarget.AddPlugin: Enabling plugin 'GeometryCache' (referenced via default plugins -> AlembicImporter.uplugin)
UEBuildTarget.AddPlugin: Enabling plugin 'AutomationUtils' (referenced via default plugins)
UEBuildTarget.AddPlugin: Enabling plugin 'ScreenshotTools' (referenced via default plugins -> AutomationUtils.uplugin)
UEBuildTarget.AddPlugin: Enabling plugin 'ChaosClothEditor' (referenced via default plugins)
UEBuildTarget.AddPlugin: Enabling plugin 'ChaosCloth' (referenced via default plugins -> ChaosClothEditor.uplugin)
UEBuildTarget.AddPlugin: Enabling plugin 'ChaosEditor' (referenced via default plugins)
UEBuildTarget.AddPlugin: Enabling plugin 'PlanarCut' (referenced via default plugins -> ChaosEditor.uplugin)
UEBuildTarget.AddPlugin: Enabling plugin 'GeometryProcessing' (referenced via default plugins -> ChaosEditor.uplugin -> PlanarCut.uplugin)
UEBuildTarget.AddPlugin: Enabling plugin 'EditableMesh' (referenced via default plugins -> ChaosEditor.uplugin)
UEBuildTarget.AddPlugin: Enabling plugin 'GeometryCollectionPlugin' (referenced via default plugins -> ChaosEditor.uplugin)
UEBuildTarget.AddPlugin: Enabling plugin 'ChaosSolverPlugin' (referenced via default plugins -> ChaosEditor.uplugin -> GeometryCollectionPlugin.uplugin)
UEBuildTarget.AddPlugin: Enabling plugin 'ChaosNiagara' (referenced via default plugins)
UEBuildTarget.AddPlugin: Enabling plugin 'Niagara' (referenced via default plugins -> ChaosNiagara.uplugin)
UEBuildTarget.AddPlugin: Enabling plugin 'CharacterAI' (referenced via default plugins)
UEBuildTarget.AddPlugin: Enabling plugin 'MotoSynth' (referenced via default plugins)
UEBuildTarget.AddPlugin: Enabling plugin 'OpenImageDenoise' (referenced via default plugins)
UEBuildTarget.AddPlugin: Enabling plugin 'PlatformCrypto' (referenced via default plugins)
UEBuildTarget.AddPlugin: Enabling plugin 'ProxyLODPlugin' (referenced via default plugins)
UEBuildTarget.AddPlugin: Enabling plugin 'SkeletalReduction' (referenced via default plugins)
UEBuildTarget.AddPlugin: Enabling plugin 'LuminPlatformFeatures' (referenced via default plugins)
UEBuildTarget.AddPlugin: Enabling plugin 'MLSDK' (referenced via default plugins -> LuminPlatformFeatures.uplugin)
LuminSDKVersionHelper.HasAnySDK: *** Unable to determine MLSDK location ***
UEBuildTarget.AddPlugin: Enabling plugin 'MagicLeapPassableWorld' (referenced via default plugins)
UEBuildTarget.AddPlugin: Enabling plugin 'AndroidMedia' (referenced via default plugins)
UEBuildTarget.AddPlugin: Enabling plugin 'AvfMedia' (referenced via default plugins)
UEBuildTarget.AddPlugin: Enabling plugin 'ImgMedia' (referenced via default plugins)
UEBuildTarget.AddPlugin: Enabling plugin 'MediaCompositing' (referenced via default plugins)
UEBuildTarget.AddPlugin: Enabling plugin 'MeshPainting' (referenced via default plugins)
UEBuildTarget.AddPlugin: Enabling plugin 'TcpMessaging' (referenced via default plugins)
UEBuildTarget.AddPlugin: Enabling plugin 'UdpMessaging' (referenced via default plugins)
UEBuildTarget.AddPlugin: Enabling plugin 'ActorSequence' (referenced via default plugins)
UEBuildTarget.AddPlugin: Enabling plugin 'MatineeToLevelSequence' (referenced via default plugins)
UEBuildTarget.AddPlugin: Enabling plugin 'OnlineSubsystemGooglePlay' (referenced via default plugins)
UEBuildTarget.AddPlugin: Enabling plugin 'OnlineSubsystem' (referenced via default plugins -> OnlineSubsystemGooglePlay.uplugin)
UEBuildTarget.AddPlugin: Enabling plugin 'AndroidPermission' (referenced via default plugins -> OnlineSubsystemGooglePlay.uplugin)
UEBuildTarget.AddPlugin: Enabling plugin 'OnlineSubsystemIOS' (referenced via default plugins)
UEBuildTarget.AddPlugin: Enabling plugin 'OnlineSubsystemNull' (referenced via default plugins)
UEBuildTarget.AddPlugin: Enabling plugin 'OnlineSubsystemUtils' (referenced via default plugins -> OnlineSubsystemNull.uplugin)
UEBuildTarget.AddPlugin: Enabling plugin 'LauncherChunkInstaller' (referenced via default plugins)
UEBuildTarget.AddPlugin: Enabling plugin 'AndroidDeviceProfileSelector' (referenced via default plugins)
UEBuildTarget.AddPlugin: Enabling plugin 'AndroidMoviePlayer' (referenced via default plugins)
UEBuildTarget.AddPlugin: Enabling plugin 'AppleMoviePlayer' (referenced via default plugins)
UEBuildTarget.AddPlugin: Enabling plugin 'ArchVisCharacter' (referenced via default plugins)
UEBuildTarget.AddPlugin: Enabling plugin 'AssetTags' (referenced via default plugins)
UEBuildTarget.AddPlugin: Enabling plugin 'AudioCapture' (referenced via default plugins)
UEBuildTarget.AddPlugin: Enabling plugin 'CableComponent' (referenced via default plugins)
UEBuildTarget.AddPlugin: Enabling plugin 'ChunkDownloader' (referenced via default plugins)
UEBuildTarget.AddPlugin: Enabling plugin 'CustomMeshComponent' (referenced via default plugins)
UEBuildTarget.AddPlugin: Enabling plugin 'ExampleDeviceProfileSelector' (referenced via default plugins)
UEBuildTarget.AddPlugin: Enabling plugin 'GoogleCloudMessaging' (referenced via default plugins)
UEBuildTarget.AddPlugin: Enabling plugin 'GooglePAD' (referenced via default plugins)
UEBuildTarget.AddPlugin: Enabling plugin 'IOSDeviceProfileSelector' (referenced via default plugins)
UEBuildTarget.AddPlugin: Enabling plugin 'LinuxDeviceProfileSelector' (referenced via default plugins)
UEBuildTarget.AddPlugin: Enabling plugin 'LocationServicesBPLibrary' (referenced via default plugins)
UEBuildTarget.AddPlugin: Enabling plugin 'MobilePatchingUtils' (referenced via default plugins)
UEBuildTarget.AddPlugin: Enabling plugin 'OpenXREyeTracker' (referenced via default plugins)
UEBuildTarget.AddPlugin: Enabling plugin 'OpenXR' (referenced via default plugins -> OpenXREyeTracker.uplugin)
UEBuildTarget.AddPlugin: Enabling plugin 'OpenXRHandTracking' (referenced via default plugins)
UEBuildTarget.AddPlugin: Enabling plugin 'PhysXVehicles' (referenced via default plugins)
UEBuildTarget.AddPlugin: Enabling plugin 'PostSplashScreen' (referenced via default plugins)
UEBuildTarget.AddPlugin: Enabling plugin 'RuntimePhysXCooking' (referenced via default plugins)
UEBuildTarget.AddPlugin: Enabling plugin 'SoundFields' (referenced via default plugins)
UEBuildTarget.AddPlugin: Enabling plugin 'Synthesis' (referenced via default plugins)
UEBuildTarget.AddPlugin: Enabling plugin 'AudioSynesthesia' (referenced via default plugins -> Synthesis.uplugin)
UEBuildTarget.AddPlugin: Enabling plugin 'WebMMoviePlayer' (referenced via default plugins)
UEBuildTarget.AddPlugin: Enabling plugin 'WebMMedia' (referenced via default plugins -> WebMMoviePlayer.uplugin)
UEBuildTarget.AddPlugin: Enabling plugin 'WindowsMoviePlayer' (referenced via default plugins)
UEBuildTarget.AddPlugin: Enabling plugin 'XGEController' (referenced via default plugins)
VCToolChain..ctor: Compiler: C:\Program Files\Microsoft Visual Studio\2022\Community\VC\Tools\MSVC\14.31.31103\bin\HostX64\x64\cl.exe
VCToolChain..ctor: Linker: C:\Program Files\Microsoft Visual Studio\2022\Community\VC\Tools\MSVC\14.31.31103\bin\HostX64\x64\link.exe
VCToolChain..ctor: Library Manager: C:\Program Files\Microsoft Visual Studio\2022\Community\VC\Tools\MSVC\14.31.31103\bin\HostX64\x64\lib.exe
VCToolChain..ctor: Resource Compiler: C:\Program Files (x86)\Windows Kits\10\bin\10.0.19041.0\x64\rc.exe
Utils.WriteFileIfChanged: Updating C:\Projects\VP_christmasshoot_2022\VP_ChristmasShoot_UE_2022\Plugins\BlackmagicCameraControl\Intermediate\Build\Win64\UE4Editor\Development\BlackmagicCameraControl\Definitions.BlackmagicCameraControl.h: contents have changed. Saving previous version to C:\Projects\VP_christmasshoot_2022\VP_ChristmasShoot_UE_2022\Plugins\BlackmagicCameraControl\Intermediate\Build\Win64\UE4Editor\Development\BlackmagicCameraControl\Definitions.BlackmagicCameraControl.h.old.
Utils.WriteFileIfChanged: Updating C:\Projects\VP_christmasshoot_2022\VP_ChristmasShoot_UE_2022\Plugins\PhysicalObjectTracker\Intermediate\Build\Win64\UE4Editor\Development\PhysicalObjectTracker\Definitions.PhysicalObjectTracker.h: contents have changed. Saving previous version to C:\Projects\VP_christmasshoot_2022\VP_ChristmasShoot_UE_2022\Plugins\PhysicalObjectTracker\Intermediate\Build\Win64\UE4Editor\Development\PhysicalObjectTracker\Definitions.PhysicalObjectTracker.h.old.
Utils.WriteFileIfChanged: Updating C:\Projects\VP_christmasshoot_2022\VP_ChristmasShoot_UE_2022\Plugins\PhysicalObjectTracker\Intermediate\Build\Win64\UE4Editor\Development\PhysicalObjectTrackerEditor\Definitions.PhysicalObjectTrackerEditor.h: contents have changed. Saving previous version to C:\Projects\VP_christmasshoot_2022\VP_ChristmasShoot_UE_2022\Plugins\PhysicalObjectTracker\Intermediate\Build\Win64\UE4Editor\Development\PhysicalObjectTrackerEditor\Definitions.PhysicalObjectTrackerEditor.h.old.
Utils.WriteFileIfChanged: Updating C:\Projects\VP_christmasshoot_2022\VP_ChristmasShoot_UE_2022\Plugins\CradleLightControl\Intermediate\Build\Win64\UE4Editor\Development\CradleLightControl\Definitions.CradleLightControl.h: contents have changed. Saving previous version to C:\Projects\VP_christmasshoot_2022\VP_ChristmasShoot_UE_2022\Plugins\CradleLightControl\Intermediate\Build\Win64\UE4Editor\Development\CradleLightControl\Definitions.CradleLightControl.h.old.
Utils.WriteFileIfChanged: Updating C:\Projects\VP_christmasshoot_2022\VP_ChristmasShoot_UE_2022\Plugins\CradleLightControl\Intermediate\Build\Win64\UE4Editor\Development\CradleLightControlEditor\Definitions.CradleLightControlEditor.h: contents have changed. Saving previous version to C:\Projects\VP_christmasshoot_2022\VP_ChristmasShoot_UE_2022\Plugins\CradleLightControl\Intermediate\Build\Win64\UE4Editor\Development\CradleLightControlEditor\Definitions.CradleLightControlEditor.h.old.
Utils.WriteFileIfChanged: Updating C:\Projects\VP_christmasshoot_2022\VP_ChristmasShoot_UE_2022\Intermediate\Build\Win64\UE4Editor\Development\VPTemplate\Definitions.VPTemplate.h: contents have changed. Saving previous version to C:\Projects\VP_christmasshoot_2022\VP_ChristmasShoot_UE_2022\Intermediate\Build\Win64\UE4Editor\Development\VPTemplate\Definitions.VPTemplate.h.old.
ProgressWriter.Write: @progress 'Binding IntelliSense data...' 100%
Log.PushStatus: Writing project files...
ProgressWriter.Write: @progress 'Writing project files...' 0%
ProgressWriter.Write: @progress 'Writing project files...' 33%
ProgressWriter.Write: @progress 'Writing project files...' 67%
ProgressWriter.Write: @progress 'Writing project files...' 100%
Timeline.Print: Timeline:
Timeline.Print: 
Timeline.Print: [ 0.000]
Timeline.Print: [ 0.000](+0.021) <unknown>
Timeline.Print: [ 0.021](+0.045) XmlConfig.ReadConfigFiles()
Timeline.Print: [ 0.066](+0.000) SingleInstanceMutex.Acquire()
Timeline.Print: [ 0.066](+0.042) UEBuildPlatform.RegisterPlatforms()
Timeline.Print:   0.067          [ 0.000](+0.022) Initializing InstalledPlatformInfo
Timeline.Print:   0.089          [ 0.022](+0.000) Querying types
Timeline.Print:   0.091          [ 0.024](+0.001) MacPlatformFactory
Timeline.Print:   0.092          [ 0.025](+0.000) TVOSPlatformFactory
Timeline.Print:   0.092          [ 0.025](+0.011) AndroidPlatformFactory
Timeline.Print:   0.103          [ 0.036](+0.000) HoloLensPlatformFactory
Timeline.Print:   0.103          [ 0.036](+0.002) IOSPlatformFactory
Timeline.Print:   0.105          [ 0.039](+0.003) LinuxPlatformFactory
Timeline.Print:   0.109          [ 0.042](+0.000) LuminPlatformFactory
Timeline.Print:   0.109          [ 0.042](+0.000) WindowsPlatformFactory
Timeline.Print: [ 0.109](+0.234) <unknown>
Timeline.Print: [ 0.344](+0.002) Finding engine modules
Timeline.Print: [ 0.346](+0.002) Finding plugin modules
Timeline.Print: [ 0.349](+0.268) <unknown>
Timeline.Print: [ 0.617](+0.000) Finding program modules
Timeline.Print: [ 0.617](+0.000) Finding program targets
Timeline.Print: [ 0.617](+0.794) <unknown>
Timeline.Print: [ 1.411](+0.159) Compiling rules assembly (ChristmasShoot_2022ModuleRules.dll)
Timeline.Print: [ 1.571](+0.741) <unknown>
Timeline.Print: [ 2.313](+0.000) RulesCompiler.CreateTargetRulesAssembly()
Timeline.Print: [ 2.313](+0.000) RulesAssembly.CreateTargetRules()
Timeline.Print: [ 2.319](+0.003) UEBuildTarget constructor
Timeline.Print: [ 2.323](+0.847) UEBuildTarget.PreBuildSetup()
Timeline.Print: [ 3.170](+3.612) <unknown>
Timeline.Print: [ 6.783](+0.000) RulesCompiler.CreateTargetRulesAssembly()
Timeline.Print: [ 6.783](+0.000) RulesAssembly.CreateTargetRules()
Timeline.Print: [ 6.785](+0.039) UEBuildTarget constructor
Timeline.Print:   6.785          [ 0.000](+0.039) Reading source file metadata cache
Timeline.Print: [ 6.825](+0.149) UEBuildTarget.PreBuildSetup()
Timeline.Print: [ 6.975](+2.758) <unknown>
Timeline.Print: [ 9.733](+0.000) FileMetadataPrefetch.Stop()
Timeline.Print: [ 9.734]
